[00:00:01.138] Server  LOG     
[00:00:01.138] Server  LOG        We detected TypeScript in your project and reconfigured your tsconfig.json file for you.
[00:00:01.139] Server  LOG        The following suggested values were added to your tsconfig.json. These values can be changed to fit your project's needs:

[00:00:01.139] Server  LOG        	- include was updated to add '.next\dev/types/**/*.ts'
[00:00:01.139] Server  LOG        	- include was updated to add '.next\dev/types/**/*.ts'
[00:00:01.139] Server  LOG     
[00:00:01.140] Server  LOG        The following mandatory changes were made to your tsconfig.json:

[00:00:01.140] Server  LOG        	- jsx was set to react-jsx (next.js uses the React automatic runtime)
[00:00:01.140] Server  LOG     
[00:00:01.166] Server  WARN     ⚠ The "middleware" file convention is deprecated. Please use "proxy" instead. Learn more: https://nextjs.org/docs/messages/middleware-to-proxy
[00:00:01.359] Server  LOG      ✓ Ready in 978ms
[00:00:03.470] Server  LOG     [v0] Middleware: Processing request for /
[00:00:03.471] Server  LOG     [v0] Middleware: Request allowed
[00:00:11.549] Server  LOG     [v0] Middleware: Processing request for /auth/sign-up
[00:00:11.551] Server  LOG     [v0] Middleware: Request allowed
[00:00:15.674] Server  LOG     [v0] Middleware: Processing request for /auth/login
[00:00:15.675] Server  LOG     [v0] Middleware: Request allowed
[00:00:16.752] Server  LOG     [v0] Middleware: Processing request for /
[00:00:16.753] Server  LOG     [v0] Middleware: Request allowed
[00:00:16.822] Browser INFO    %cDownload the React DevTools for a better development experience: https://react.dev/link/react-devtools font-weight:bold
[00:00:16.822] Browser LOG     %c[Vercel Web Analytics]%c Debug mode is enabled by default in development. No requests will be sent to the server. color: rgb(120, 120, 120) color: inherit
[00:00:16.822] Browser LOG     %c[Vercel Web Analytics]%c Running queued event color: rgb(120, 120, 120) color: inherit pageview {"path":"/","route":"/"}
[00:00:16.822] Browser LOG     %c[Vercel Web Analytics]%c [pageview] http://localhost:3000/ color: rgb(120, 120, 120) color: inherit {"dp":"/","o":"http://localhost:3000/","r":"","sdkn":"@vercel/analytics/next","sdkv":"1.3.1","sv":"0.1.3","ts":1765903462310}
[00:00:16.822] Browser LOG     %c[Vercel Web Analytics]%c [pageview] http://localhost:3000/auth/sign-up color: rgb(120, 120, 120) color: inherit {"dp":"/auth/sign-up","o":"http://localhost:3000/auth/sign-up","sdkn":"@vercel/analytics/next","sdkv":"1.3.1","sv":"0.1.3","ts":1765903468426}
[00:00:16.822] Browser LOG     %c[Vercel Web Analytics]%c [pageview] http://localhost:3000/ color: rgb(120, 120, 120) color: inherit {"dp":"/","o":"http://localhost:3000/","sdkn":"@vercel/analytics/next","sdkv":"1.3.1","sv":"0.1.3","ts":1765903470975}
[00:00:16.822] Browser LOG     %c[Vercel Web Analytics]%c [pageview] http://localhost:3000/auth/login color: rgb(120, 120, 120) color: inherit {"dp":"/auth/login","o":"http://localhost:3000/auth/login","sdkn":"@vercel/analytics/next","sdkv":"1.3.1","sv":"0.1.3","ts":1765903472151}
[00:00:16.829] Server  LOG     [v0] Middleware: Processing request for /
[00:00:16.830] Server  LOG     [v0] Middleware: Request allowed
[00:00:17.136] Browser INFO    %cDownload the React DevTools for a better development experience: https://react.dev/link/react-devtools font-weight:bold
[00:00:17.166] Browser INFO    %cDownload the React DevTools for a better development experience: https://react.dev/link/react-devtools font-weight:bold
[00:00:18.102] Browser LOG     %c[Vercel Web Analytics]%c Debug mode is enabled by default in development. No requests will be sent to the server. color: rgb(120, 120, 120) color: inherit
[00:00:18.102] Browser LOG     %c[Vercel Web Analytics]%c Running queued event color: rgb(120, 120, 120) color: inherit pageview {"path":"/","route":"/"}
[00:00:18.102] Browser LOG     %c[Vercel Web Analytics]%c [pageview] http://localhost:3000/ color: rgb(120, 120, 120) color: inherit {"dp":"/","o":"http://localhost:3000/","r":"","sdkn":"@vercel/analytics/next","sdkv":"1.3.1","sv":"0.1.3","ts":1765903473260}
[00:00:18.134] Browser LOG     %c[Vercel Web Analytics]%c Debug mode is enabled by default in development. No requests will be sent to the server. color: rgb(120, 120, 120) color: inherit
[00:00:18.134] Browser LOG     %c[Vercel Web Analytics]%c Running queued event color: rgb(120, 120, 120) color: inherit pageview {"path":"/","route":"/"}
[00:00:18.134] Browser LOG     %c[Vercel Web Analytics]%c [pageview] http://localhost:3000/ color: rgb(120, 120, 120) color: inherit {"dp":"/","o":"http://localhost:3000/","r":"","sdkn":"@vercel/analytics/next","sdkv":"1.3.1","sv":"0.1.3","ts":1765903473276}
[00:00:23.195] Server  LOG     [v0] Middleware: Processing request for /auth/login
[00:00:23.196] Server  LOG     [v0] Middleware: Request allowed
[00:00:23.597] Server  ERROR    ⨯ Error: Your project's URL and Key are required to create a Supabase client!

Check your Supabase project's API settings to find these values

https://supabase.com/dashboard/project/_/settings/api
